<?xml version="1.0" encoding="UTF-8"?>
<beans xmlns="http://www.springframework.org/schema/beans"
       xmlns:xsi="http://www.w3.org/2001/XMLSchema-instance"
       xmlns:context="http://www.springframework.org/schema/context"
       xmlns:aop="http://www.springframework.org/schema/aop"
       xmlns:jdbc="http://www.springframework.org/schema/jdbc"
       xsi:schemaLocation="http://www.springframework.org/schema/beans
       http://www.springframework.org/schema/beans/spring-beans.xsd
       http://www.springframework.org/schema/context
       http://www.springframework.org/schema/context/spring-context.xsd
       http://www.springframework.org/schema/aop
       http://www.springframework.org/schema/aop/spring-aop.xsd http://www.springframework.org/schema/jdbc
       http://www.springframework.org/schema/jdbc/spring-jdbc.xsd">

    <!-- Spring Simple连接池 -->
    <bean id="dataSource" class="org.springframework.jdbc.datasource.DriverManagerDataSource">
        <property name="driverClassName" value="${jdbc.driver}"/>
        <property name="url"             value="${jdbc.url}"/>
        <property name="username"        value="${jdbc.username}"/>
        <property name="password"        value="${jdbc.password}"/>
    </bean>

    <!-- 初始化数据表结构 -->
    <jdbc:initialize-database data-source="dataSource" ignore-failures="ALL">
        <jdbc:script location="classpath:h2/schema.sql"    encoding="UTF-8"/>
        <!--<jdbc:script location="classpath:h2/init-data.sql" encoding="UTF-8"/>-->
    </jdbc:initialize-database>

    <!-- myBatis 配置 -->
    <bean id="defaultSqlSessionFactory" class="org.mybatis.spring.SqlSessionFactoryBean">
        <property name="dataSource"         ref="dataSource"/>
        <property name="mapperLocations"    value="classpath*:dal/mapper/*/sqlmap-*.xml"/>
        <property name="typeAliasesPackage" value="com.youzan.trade.*.dal.dataobject"/>
    </bean>

    <bean id="clusterSqlSessionFactory" class="org.mybatis.spring.SqlSessionFactoryBean">
        <property name="dataSource"         ref="dataSource"/>
        <property name="mapperLocations"    value="classpath*:dal/mapper/*/sqlmap-*.xml"/>
        <property name="typeAliasesPackage" value="com.youzan.trade.*.dal.dataobject"/>
    </bean>

    <bean id="jdbcTemplate" class="org.springframework.jdbc.core.JdbcTemplate">
        <property name="dataSource" ref="dataSource"/>
    </bean>

    <bean id="defaultTx" class="org.springframework.jdbc.datasource.DataSourceTransactionManager">
        <property name="dataSource" ref="dataSource"/>
    </bean>

    <bean id="defaultTxTemplate" class="org.springframework.transaction.support.TransactionTemplate">
        <property name="transactionManager" ref="defaultTx"/>
    </bean>

</beans>
