<?xml version="1.0" encoding="UTF-8"?>
<beans xmlns="http://www.springframework.org/schema/beans"
       xmlns:xsi="http://www.w3.org/2001/XMLSchema-instance"
       xmlns:context="http://www.springframework.org/schema/context"
       xsi:schemaLocation="http://www.springframework.org/schema/beans
       http://www.springframework.org/schema/beans/spring-beans.xsd
       http://www.springframework.org/schema/context
       http://www.springframework.org/schema/context/spring-context.xsd">

  <context:component-scan base-package="com.youzan.trade"/>
  <context:annotation-config/>

  <bean id="propertyPlaceholderConfigurer"
        class="org.springframework.beans.factory.config.PropertyPlaceholderConfigurer">
    <property name="ignoreResourceNotFound" value="true"/>
    <property name="locations">
      <list>
        <value>classpath:test.properties</value>
      </list>
    </property>
  </bean>

  <import resource="classpath:dal/persistence.xml"/>
  <import resource="classpath:biz/*/beans-*.xml"/>

</beans>


