<?xml version="1.0" encoding="UTF-8"?>
<beans xmlns="http://www.springframework.org/schema/beans"
        xmlns:xsi="http://www.w3.org/2001/XMLSchema-instance"
        xmlns:context="http://www.springframework.org/schema/context"
        xmlns:aop="http://www.springframework.org/schema/aop"
        xmlns:task="http://www.springframework.org/schema/task"
        xsi:schemaLocation="http://www.springframework.org/schema/beans
       http://www.springframework.org/schema/beans/spring-beans.xsd
       http://www.springframework.org/schema/context
       http://www.springframework.org/schema/context/spring-context.xsd
       http://www.springframework.org/schema/aop
       http://www.springframework.org/schema/aop/spring-aop.xsd
       http://www.springframework.org/schema/task
       http://www.springframework.org/schema/task/spring-task.xsd">

    <context:component-scan base-package="com.youzan.trade"/>

  <context:annotation-config/>

  <task:annotation-driven executor="defaultThreadPoolTaskExecutor"
                          scheduler="threadPoolTaskScheduler"
                          mode="proxy"/>
  <task:scheduler id="threadPoolTaskScheduler" pool-size="10"/>
  <!-- 默认的线程池的配置 -->
  <task:executor id="defaultThreadPoolTaskExecutor" pool-size="16-32" queue-capacity="8000"
                 keep-alive="240"
                 rejection-policy="DISCARD" />

    <bean id="propertyPlaceholderConfigurer" class="org.springframework.beans.factory.config.PropertyPlaceholderConfigurer">
        <property name="ignoreResourceNotFound" value="true" />
        <property name="locations">
          <list>
            <value>classpath:test.properties</value>
          </list>
        </property>
    </bean>

    <import resource="classpath:dal/persistence.xml"/>
    <import resource="classpath:biz/*/beans-*.xml"/>

</beans>


